<?xml version="1.0" encoding="UTF-8"?>
<testsuite xmlns:xsi="http://www.w3.org/2001/XMLSchema-instance" xsi:noNamespaceSchemaLocation="https://maven.apache.org/surefire/maven-surefire-plugin/xsd/surefire-test-report-3.0.xsd" version="3.0" name="com.example.AppTest" time="0.027" tests="1" errors="0" skipped="0" failures="0">
  <properties>
    <property name="java.specification.version" value="17"/>
    <property name="sun.jnu.encoding" value="UTF-8"/>
    <property name="java.class.path" value="/home/meghana/Documents/terraform-sns-lambda-s3/lambda_function_1/target/test-classes:/home/meghana/Documents/terraform-sns-lambda-s3/lambda_function_1/target/classes:/home/meghana/.m2/repository/com/amazonaws/aws-lambda-java-core/1.2.1/aws-lambda-java-core-1.2.1.jar:/home/meghana/.m2/repository/com/amazonaws/aws-java-sdk-s3/1.11.615/aws-java-sdk-s3-1.11.615.jar:/home/meghana/.m2/repository/com/amazonaws/aws-java-sdk-kms/1.11.615/aws-java-sdk-kms-1.11.615.jar:/home/meghana/.m2/repository/com/amazonaws/aws-java-sdk-core/1.11.615/aws-java-sdk-core-1.11.615.jar:/home/meghana/.m2/repository/commons-logging/commons-logging/1.1.3/commons-logging-1.1.3.jar:/home/meghana/.m2/repository/org/apache/httpcomponents/httpclient/4.5.9/httpclient-4.5.9.jar:/home/meghana/.m2/repository/commons-codec/commons-codec/1.11/commons-codec-1.11.jar:/home/meghana/.m2/repository/software/amazon/ion/ion-java/1.0.2/ion-java-1.0.2.jar:/home/meghana/.m2/repository/com/fasterxml/jackson/dataformat/jackson-dataformat-cbor/2.6.7/jackson-dataformat-cbor-2.6.7.jar:/home/meghana/.m2/repository/com/amazonaws/jmespath-java/1.11.615/jmespath-java-1.11.615.jar:/home/meghana/.m2/repository/com/amazonaws/aws-lambda-java-events/3.11.1/aws-lambda-java-events-3.11.1.jar:/home/meghana/.m2/repository/joda-time/joda-time/2.10.8/joda-time-2.10.8.jar:/home/meghana/.m2/repository/software/amazon/awssdk/s3/2.17.101/s3-2.17.101.jar:/home/meghana/.m2/repository/software/amazon/awssdk/aws-xml-protocol/2.17.101/aws-xml-protocol-2.17.101.jar:/home/meghana/.m2/repository/software/amazon/awssdk/aws-query-protocol/2.17.101/aws-query-protocol-2.17.101.jar:/home/meghana/.m2/repository/software/amazon/awssdk/protocol-core/2.17.101/protocol-core-2.17.101.jar:/home/meghana/.m2/repository/software/amazon/awssdk/arns/2.17.101/arns-2.17.101.jar:/home/meghana/.m2/repository/software/amazon/awssdk/profiles/2.17.101/profiles-2.17.101.jar:/home/meghana/.m2/repository/software/amazon/awssdk/sdk-core/2.17.101/sdk-core-2.17.101.jar:/home/meghana/.m2/repository/org/reactivestreams/reactive-streams/1.0.3/reactive-streams-1.0.3.jar:/home/meghana/.m2/repository/software/amazon/awssdk/auth/2.17.101/auth-2.17.101.jar:/home/meghana/.m2/repository/software/amazon/awssdk/json-utils/2.17.101/json-utils-2.17.101.jar:/home/meghana/.m2/repository/software/amazon/eventstream/eventstream/1.0.1/eventstream-1.0.1.jar:/home/meghana/.m2/repository/software/amazon/awssdk/http-client-spi/2.17.101/http-client-spi-2.17.101.jar:/home/meghana/.m2/repository/software/amazon/awssdk/regions/2.17.101/regions-2.17.101.jar:/home/meghana/.m2/repository/software/amazon/awssdk/annotations/2.17.101/annotations-2.17.101.jar:/home/meghana/.m2/repository/software/amazon/awssdk/utils/2.17.101/utils-2.17.101.jar:/home/meghana/.m2/repository/software/amazon/awssdk/aws-core/2.17.101/aws-core-2.17.101.jar:/home/meghana/.m2/repository/software/amazon/awssdk/metrics-spi/2.17.101/metrics-spi-2.17.101.jar:/home/meghana/.m2/repository/software/amazon/awssdk/apache-client/2.17.101/apache-client-2.17.101.jar:/home/meghana/.m2/repository/org/apache/httpcomponents/httpcore/4.4.13/httpcore-4.4.13.jar:/home/meghana/.m2/repository/software/amazon/awssdk/netty-nio-client/2.17.101/netty-nio-client-2.17.101.jar:/home/meghana/.m2/repository/io/netty/netty-codec-http/4.1.68.Final/netty-codec-http-4.1.68.Final.jar:/home/meghana/.m2/repository/io/netty/netty-codec-http2/4.1.68.Final/netty-codec-http2-4.1.68.Final.jar:/home/meghana/.m2/repository/io/netty/netty-codec/4.1.68.Final/netty-codec-4.1.68.Final.jar:/home/meghana/.m2/repository/io/netty/netty-transport/4.1.68.Final/netty-transport-4.1.68.Final.jar:/home/meghana/.m2/repository/io/netty/netty-resolver/4.1.68.Final/netty-resolver-4.1.68.Final.jar:/home/meghana/.m2/repository/io/netty/netty-common/4.1.68.Final/netty-common-4.1.68.Final.jar:/home/meghana/.m2/repository/io/netty/netty-buffer/4.1.68.Final/netty-buffer-4.1.68.Final.jar:/home/meghana/.m2/repository/io/netty/netty-handler/4.1.68.Final/netty-handler-4.1.68.Final.jar:/home/meghana/.m2/repository/io/netty/netty-transport-native-epoll/4.1.68.Final/netty-transport-native-epoll-4.1.68.Final-linux-x86_64.jar:/home/meghana/.m2/repository/io/netty/netty-transport-native-unix-common/4.1.68.Final/netty-transport-native-unix-common-4.1.68.Final.jar:/home/meghana/.m2/repository/com/typesafe/netty/netty-reactive-streams-http/2.0.5/netty-reactive-streams-http-2.0.5.jar:/home/meghana/.m2/repository/com/typesafe/netty/netty-reactive-streams/2.0.5/netty-reactive-streams-2.0.5.jar:/home/meghana/.m2/repository/software/amazon/awssdk/lambda/2.17.101/lambda-2.17.101.jar:/home/meghana/.m2/repository/software/amazon/awssdk/aws-json-protocol/2.17.101/aws-json-protocol-2.17.101.jar:/home/meghana/.m2/repository/software/amazon/awssdk/third-party-jackson-core/2.17.101/third-party-jackson-core-2.17.101.jar:/home/meghana/.m2/repository/com/fasterxml/jackson/core/jackson-databind/2.13.0/jackson-databind-2.13.0.jar:/home/meghana/.m2/repository/com/fasterxml/jackson/core/jackson-annotations/2.13.0/jackson-annotations-2.13.0.jar:/home/meghana/.m2/repository/com/fasterxml/jackson/core/jackson-core/2.13.0/jackson-core-2.13.0.jar:/home/meghana/.m2/repository/junit/junit/3.8.1/junit-3.8.1.jar:/home/meghana/.m2/repository/org/slf4j/slf4j-api/1.7.32/slf4j-api-1.7.32.jar:/home/meghana/.m2/repository/org/slf4j/slf4j-simple/1.7.32/slf4j-simple-1.7.32.jar:"/>
    <property name="java.vm.vendor" value="Ubuntu"/>
    <property name="sun.arch.data.model" value="64"/>
    <property name="java.vendor.url" value="https://ubuntu.com/"/>
    <property name="os.name" value="Linux"/>
    <property name="java.vm.specification.version" value="17"/>
    <property name="sun.java.launcher" value="SUN_STANDARD"/>
    <property name="user.country" value="US"/>
    <property name="sun.boot.library.path" value="/usr/lib/jvm/java-17-openjdk-amd64/lib"/>
    <property name="sun.java.command" value="/home/meghana/Documents/terraform-sns-lambda-s3/lambda_function_1/target/surefire/surefirebooter-20241017203742942_3.jar /home/meghana/Documents/terraform-sns-lambda-s3/lambda_function_1/target/surefire 2024-10-17T20-37-42_839-jvmRun1 surefire-20241017203742942_1tmp surefire_0-20241017203742942_2tmp"/>
    <property name="jdk.debug" value="release"/>
    <property name="surefire.test.class.path" value="/home/meghana/Documents/terraform-sns-lambda-s3/lambda_function_1/target/test-classes:/home/meghana/Documents/terraform-sns-lambda-s3/lambda_function_1/target/classes:/home/meghana/.m2/repository/com/amazonaws/aws-lambda-java-core/1.2.1/aws-lambda-java-core-1.2.1.jar:/home/meghana/.m2/repository/com/amazonaws/aws-java-sdk-s3/1.11.615/aws-java-sdk-s3-1.11.615.jar:/home/meghana/.m2/repository/com/amazonaws/aws-java-sdk-kms/1.11.615/aws-java-sdk-kms-1.11.615.jar:/home/meghana/.m2/repository/com/amazonaws/aws-java-sdk-core/1.11.615/aws-java-sdk-core-1.11.615.jar:/home/meghana/.m2/repository/commons-logging/commons-logging/1.1.3/commons-logging-1.1.3.jar:/home/meghana/.m2/repository/org/apache/httpcomponents/httpclient/4.5.9/httpclient-4.5.9.jar:/home/meghana/.m2/repository/commons-codec/commons-codec/1.11/commons-codec-1.11.jar:/home/meghana/.m2/repository/software/amazon/ion/ion-java/1.0.2/ion-java-1.0.2.jar:/home/meghana/.m2/repository/com/fasterxml/jackson/dataformat/jackson-dataformat-cbor/2.6.7/jackson-dataformat-cbor-2.6.7.jar:/home/meghana/.m2/repository/com/amazonaws/jmespath-java/1.11.615/jmespath-java-1.11.615.jar:/home/meghana/.m2/repository/com/amazonaws/aws-lambda-java-events/3.11.1/aws-lambda-java-events-3.11.1.jar:/home/meghana/.m2/repository/joda-time/joda-time/2.10.8/joda-time-2.10.8.jar:/home/meghana/.m2/repository/software/amazon/awssdk/s3/2.17.101/s3-2.17.101.jar:/home/meghana/.m2/repository/software/amazon/awssdk/aws-xml-protocol/2.17.101/aws-xml-protocol-2.17.101.jar:/home/meghana/.m2/repository/software/amazon/awssdk/aws-query-protocol/2.17.101/aws-query-protocol-2.17.101.jar:/home/meghana/.m2/repository/software/amazon/awssdk/protocol-core/2.17.101/protocol-core-2.17.101.jar:/home/meghana/.m2/repository/software/amazon/awssdk/arns/2.17.101/arns-2.17.101.jar:/home/meghana/.m2/repository/software/amazon/awssdk/profiles/2.17.101/profiles-2.17.101.jar:/home/meghana/.m2/repository/software/amazon/awssdk/sdk-core/2.17.101/sdk-core-2.17.101.jar:/home/meghana/.m2/repository/org/reactivestreams/reactive-streams/1.0.3/reactive-streams-1.0.3.jar:/home/meghana/.m2/repository/software/amazon/awssdk/auth/2.17.101/auth-2.17.101.jar:/home/meghana/.m2/repository/software/amazon/awssdk/json-utils/2.17.101/json-utils-2.17.101.jar:/home/meghana/.m2/repository/software/amazon/eventstream/eventstream/1.0.1/eventstream-1.0.1.jar:/home/meghana/.m2/repository/software/amazon/awssdk/http-client-spi/2.17.101/http-client-spi-2.17.101.jar:/home/meghana/.m2/repository/software/amazon/awssdk/regions/2.17.101/regions-2.17.101.jar:/home/meghana/.m2/repository/software/amazon/awssdk/annotations/2.17.101/annotations-2.17.101.jar:/home/meghana/.m2/repository/software/amazon/awssdk/utils/2.17.101/utils-2.17.101.jar:/home/meghana/.m2/repository/software/amazon/awssdk/aws-core/2.17.101/aws-core-2.17.101.jar:/home/meghana/.m2/repository/software/amazon/awssdk/metrics-spi/2.17.101/metrics-spi-2.17.101.jar:/home/meghana/.m2/repository/software/amazon/awssdk/apache-client/2.17.101/apache-client-2.17.101.jar:/home/meghana/.m2/repository/org/apache/httpcomponents/httpcore/4.4.13/httpcore-4.4.13.jar:/home/meghana/.m2/repository/software/amazon/awssdk/netty-nio-client/2.17.101/netty-nio-client-2.17.101.jar:/home/meghana/.m2/repository/io/netty/netty-codec-http/4.1.68.Final/netty-codec-http-4.1.68.Final.jar:/home/meghana/.m2/repository/io/netty/netty-codec-http2/4.1.68.Final/netty-codec-http2-4.1.68.Final.jar:/home/meghana/.m2/repository/io/netty/netty-codec/4.1.68.Final/netty-codec-4.1.68.Final.jar:/home/meghana/.m2/repository/io/netty/netty-transport/4.1.68.Final/netty-transport-4.1.68.Final.jar:/home/meghana/.m2/repository/io/netty/netty-resolver/4.1.68.Final/netty-resolver-4.1.68.Final.jar:/home/meghana/.m2/repository/io/netty/netty-common/4.1.68.Final/netty-common-4.1.68.Final.jar:/home/meghana/.m2/repository/io/netty/netty-buffer/4.1.68.Final/netty-buffer-4.1.68.Final.jar:/home/meghana/.m2/repository/io/netty/netty-handler/4.1.68.Final/netty-handler-4.1.68.Final.jar:/home/meghana/.m2/repository/io/netty/netty-transport-native-epoll/4.1.68.Final/netty-transport-native-epoll-4.1.68.Final-linux-x86_64.jar:/home/meghana/.m2/repository/io/netty/netty-transport-native-unix-common/4.1.68.Final/netty-transport-native-unix-common-4.1.68.Final.jar:/home/meghana/.m2/repository/com/typesafe/netty/netty-reactive-streams-http/2.0.5/netty-reactive-streams-http-2.0.5.jar:/home/meghana/.m2/repository/com/typesafe/netty/netty-reactive-streams/2.0.5/netty-reactive-streams-2.0.5.jar:/home/meghana/.m2/repository/software/amazon/awssdk/lambda/2.17.101/lambda-2.17.101.jar:/home/meghana/.m2/repository/software/amazon/awssdk/aws-json-protocol/2.17.101/aws-json-protocol-2.17.101.jar:/home/meghana/.m2/repository/software/amazon/awssdk/third-party-jackson-core/2.17.101/third-party-jackson-core-2.17.101.jar:/home/meghana/.m2/repository/com/fasterxml/jackson/core/jackson-databind/2.13.0/jackson-databind-2.13.0.jar:/home/meghana/.m2/repository/com/fasterxml/jackson/core/jackson-annotations/2.13.0/jackson-annotations-2.13.0.jar:/home/meghana/.m2/repository/com/fasterxml/jackson/core/jackson-core/2.13.0/jackson-core-2.13.0.jar:/home/meghana/.m2/repository/junit/junit/3.8.1/junit-3.8.1.jar:/home/meghana/.m2/repository/org/slf4j/slf4j-api/1.7.32/slf4j-api-1.7.32.jar:/home/meghana/.m2/repository/org/slf4j/slf4j-simple/1.7.32/slf4j-simple-1.7.32.jar:"/>
    <property name="sun.cpu.endian" value="little"/>
    <property name="user.home" value="/home/meghana"/>
    <property name="user.language" value="en"/>
    <property name="java.specification.vendor" value="Oracle Corporation"/>
    <property name="java.version.date" value="2024-07-16"/>
    <property name="java.home" value="/usr/lib/jvm/java-17-openjdk-amd64"/>
    <property name="file.separator" value="/"/>
    <property name="basedir" value="/home/meghana/Documents/terraform-sns-lambda-s3/lambda_function_1"/>
    <property name="java.vm.compressedOopsMode" value="Zero based"/>
    <property name="line.separator" value="&#10;"/>
    <property name="java.vm.specification.vendor" value="Oracle Corporation"/>
    <property name="java.specification.name" value="Java Platform API Specification"/>
    <property name="surefire.real.class.path" value="/home/meghana/Documents/terraform-sns-lambda-s3/lambda_function_1/target/surefire/surefirebooter-20241017203742942_3.jar"/>
    <property name="sun.management.compiler" value="HotSpot 64-Bit Tiered Compilers"/>
    <property name="java.runtime.version" value="17.0.12+7-Ubuntu-1ubuntu224.04"/>
    <property name="user.name" value="meghana"/>
    <property name="path.separator" value=":"/>
    <property name="os.version" value="6.8.0-45-generic"/>
    <property name="java.runtime.name" value="OpenJDK Runtime Environment"/>
    <property name="file.encoding" value="UTF-8"/>
    <property name="java.vm.name" value="OpenJDK 64-Bit Server VM"/>
    <property name="localRepository" value="/home/meghana/.m2/repository"/>
    <property name="java.vendor.url.bug" value="https://bugs.launchpad.net/ubuntu/+source/openjdk-17"/>
    <property name="java.io.tmpdir" value="/tmp"/>
    <property name="java.version" value="17.0.12"/>
    <property name="user.dir" value="/home/meghana/Documents/terraform-sns-lambda-s3/lambda_function_1"/>
    <property name="os.arch" value="amd64"/>
    <property name="java.vm.specification.name" value="Java Virtual Machine Specification"/>
    <property name="native.encoding" value="UTF-8"/>
    <property name="java.library.path" value="/usr/java/packages/lib:/usr/lib/x86_64-linux-gnu/jni:/lib/x86_64-linux-gnu:/usr/lib/x86_64-linux-gnu:/usr/lib/jni:/lib:/usr/lib"/>
    <property name="java.vm.info" value="mixed mode, sharing"/>
    <property name="java.vendor" value="Ubuntu"/>
    <property name="java.vm.version" value="17.0.12+7-Ubuntu-1ubuntu224.04"/>
    <property name="sun.io.unicode.encoding" value="UnicodeLittle"/>
    <property name="java.class.version" value="61.0"/>
  </properties>
  <testcase name="testApp" classname="com.example.AppTest" time="0.002"/>
</testsuite>